0 info it worked if it ends with ok
1 verbose cli [ 'C:\\Program Files\\nodejs\\node.exe',
1 verbose cli   'C:\\Program Files\\nodejs\\node_modules\\npm\\bin\\npm-cli.js',
1 verbose cli   'run',
1 verbose cli   'build' ]
2 info using npm@3.10.9
3 info using node@v6.9.2
4 verbose run-script [ 'prebuild', 'build', 'postbuild' ]
5 info lifecycle simple-table-vue@0.6.3~prebuild: simple-table-vue@0.6.3
6 silly lifecycle simple-table-vue@0.6.3~prebuild: no script for prebuild, continuing
7 info lifecycle simple-table-vue@0.6.3~build: simple-table-vue@0.6.3
8 verbose lifecycle simple-table-vue@0.6.3~build: unsafe-perm in lifecycle true
9 verbose lifecycle simple-table-vue@0.6.3~build: PATH: C:\Program Files\nodejs\node_modules\npm\bin\node-gyp-bin;D:\data\iis\simple-table\node_modules\.bin;C:\WINDOWS\system32;C:\WINDOWS;C:\WINDOWS\System32\Wbem;C:\WINDOWS\System32\WindowsPowerShell\v1.0\;C:\Program Files\Microsoft SQL Server\110\Tools\Binn\;C:\Program Files (x86)\Microsoft SQL Server\110\Tools\Binn\;C:\Program Files\Microsoft SQL Server\110\DTS\Binn\;C:\Program Files (x86)\Microsoft SQL Server\110\Tools\Binn\ManagementStudio\;C:\Program Files (x86)\Microsoft SQL Server\110\DTS\Binn\;C:\Program Files\nodejs\;C:\Program Files (x86)\Skype\Phone\;C:\Users\nauj\AppData\Local\Microsoft\WindowsApps;C:\Users\nauj\AppData\Roaming\npm;C:\Users\nauj\AppData\Local\atom\bin;C:\Users\nauj\AppData\Local\.meteor\;C:\Program Files (x86)\Microsoft VS Code\bin;C:\Users\nauj\AppData\Local\GitHubDesktop\bin;%USERPROFILE%\AppData\Local\Microsoft\WindowsApps;
10 verbose lifecycle simple-table-vue@0.6.3~build: CWD: D:\data\iis\simple-table
11 silly lifecycle simple-table-vue@0.6.3~build: Args: [ '/d /s /c', 'webpack --watch' ]
12 verbose stack Error: kill ENOSYS
12 verbose stack     at exports._errnoException (util.js:1022:11)
12 verbose stack     at process.kill (internal/process.js:172:13)
12 verbose stack     at process.listener (C:\Program Files\nodejs\node_modules\npm\node_modules\npmlog\node_modules\gauge\node_modules\signal-exit\index.js:86:15)
12 verbose stack     at emitNone (events.js:91:20)
12 verbose stack     at process.emit (events.js:185:7)
12 verbose stack     at processEmit (C:\Program Files\nodejs\node_modules\npm\node_modules\npmlog\node_modules\gauge\node_modules\signal-exit\index.js:146:32)
12 verbose stack     at processEmit (C:\Program Files\nodejs\node_modules\npm\node_modules\npm-registry-client\node_modules\npmlog\node_modules\gauge\node_modules\signal-exit\index.js:146:32)
12 verbose stack     at Signal.wrap.onsignal (internal/process.js:199:44)
13 verbose cwd D:\data\iis\simple-table
14 error Windows_NT 10.0.15063
15 error argv "C:\\Program Files\\nodejs\\node.exe" "C:\\Program Files\\nodejs\\node_modules\\npm\\bin\\npm-cli.js" "run" "build"
16 error node v6.9.2
17 error npm  v3.10.9
18 error code ENOSYS
19 error errno ENOSYS
20 error syscall kill
21 error kill ENOSYS
22 error If you need help, you may report this error at:
22 error     <https://github.com/npm/npm/issues>
23 verbose exit [ 1, true ]
